[0126/012408.352:ERROR:crash_report_database_win.cc(455)] unexpected header
[0126/151018.693:ERROR:crash_report_database_win.cc(455)] unexpected header
[0127/011311.382:ERROR:crash_report_database_win.cc(455)] unexpected header
[0127/212116.381:ERROR:crash_report_database_win.cc(455)] unexpected header
[0127/213116.419:ERROR:crash_report_database_win.cc(455)] unexpected header
[0127/213116.419:ERROR:directory_reader_win.cc(43)] FindFirstFile: The system cannot find the path specified. (0x3)
[0127/213116.427:ERROR:crash_report_database_win.cc(455)] unexpected header
[0127/213116.427:ERROR:crash_report_database_win.cc(455)] unexpected header
[0127/213616.505:ERROR:crash_report_database_win.cc(455)] unexpected header
[0127/215116.505:ERROR:crash_report_database_win.cc(455)] unexpected header
[0127/220616.514:ERROR:crash_report_database_win.cc(455)] unexpected header
[0127/222116.800:ERROR:crash_report_database_win.cc(455)] unexpected header
[0127/223616.974:ERROR:crash_report_database_win.cc(455)] unexpected header
[0127/225116.975:ERROR:crash_report_database_win.cc(455)] unexpected header
[0127/230616.977:ERROR:crash_report_database_win.cc(455)] unexpected header
[0127/232116.977:ERROR:crash_report_database_win.cc(455)] unexpected header
[0127/233617.007:ERROR:crash_report_database_win.cc(455)] unexpected header
[0127/235117.019:ERROR:crash_report_database_win.cc(455)] unexpected header
[0128/000617.020:ERROR:crash_report_database_win.cc(455)] unexpected header
[0128/002117.021:ERROR:crash_report_database_win.cc(455)] unexpected header
[0128/003617.022:ERROR:crash_report_database_win.cc(455)] unexpected header
[0128/005117.023:ERROR:crash_report_database_win.cc(455)] unexpected header
[0128/010617.047:ERROR:crash_report_database_win.cc(455)] unexpected header
[0128/012117.077:ERROR:crash_report_database_win.cc(455)] unexpected header
[0128/013617.079:ERROR:crash_report_database_win.cc(455)] unexpected header
[0128/015117.079:ERROR:crash_report_database_win.cc(455)] unexpected header
[0128/020617.108:ERROR:crash_report_database_win.cc(455)] unexpected header
[0128/022117.109:ERROR:crash_report_database_win.cc(455)] unexpected header
[0128/023617.129:ERROR:crash_report_database_win.cc(455)] unexpected header
[0128/025117.131:ERROR:crash_report_database_win.cc(455)] unexpected header
[0128/030616.076:ERROR:crash_report_database_win.cc(455)] unexpected header
[0128/032116.077:ERROR:crash_report_database_win.cc(455)] unexpected header
[0128/033616.079:ERROR:crash_report_database_win.cc(455)] unexpected header
[0128/035116.080:ERROR:crash_report_database_win.cc(455)] unexpected header
[0128/040616.080:ERROR:crash_report_database_win.cc(455)] unexpected header
[0128/042116.106:ERROR:crash_report_database_win.cc(455)] unexpected header
[0128/042458.352:ERROR:process_reader_win.cc(123)] NtOpenThread: {Access Denied} A process has requested access to an object, but has not been granted those access rights. (0xc0000022)
[0128/042458.229:ERROR:scoped_process_suspend.cc(31)] NtSuspendProcess: An attempt was made to access an exiting process. (0xc000010a)
[0128/042458.348:ERROR:process_reader_win.cc(123)] NtOpenThread: {Access Denied} A process has requested access to an object, but has not been granted those access rights. (0xc0000022)
[0128/042458.408:ERROR:exception_snapshot_win.cc(99)] thread ID 12916 not found in process
[0128/042458.408:ERROR:exception_snapshot_win.cc(99)] thread ID 12356 not found in process
[0128/042458.351:ERROR:process_reader_win.cc(123)] NtOpenThread: {Access Denied} A process has requested access to an object, but has not been granted those access rights. (0xc0000022)
[0128/042458.408:ERROR:exception_snapshot_win.cc(99)] thread ID 252 not found in process
[0128/042458.408:ERROR:process_info.cc(118)] ReadProcessMemory bool __cdecl crashpad::(anonymous namespace)::ReadStruct(HANDLE, crashpad::WinVMAddress, T *) [T = crashpad::process_types::PEB<crashpad::process_types::internal::Traits64>]: Only part of a ReadProcessMemory or WriteProcessMemory request was completed. (0x12B)
[0128/042458.408:ERROR:process_info.cc(551)] ReadProcessData failed
[0128/042458.536:ERROR:process_reader_win.cc(123)] NtOpenThread: {Access Denied} A process has requested access to an object, but has not been granted those access rights. (0xc0000022)
[0128/042458.536:ERROR:exception_snapshot_win.cc(99)] thread ID 12336 not found in process
[0128/042458.737:ERROR:process_reader_win.cc(123)] NtOpenThread: {Access Denied} A process has requested access to an object, but has not been granted those access rights. (0xc0000022)
[0128/042458.737:ERROR:exception_snapshot_win.cc(99)] thread ID 1276 not found in process
[0128/042459.080:ERROR:process_info.cc(329)] VirtualQueryEx: Access is denied. (0x5)
[0128/042459.080:ERROR:process_info.cc(556)] ReadMemoryInfo failed
[0128/042459.080:ERROR:scoped_process_suspend.cc(40)] NtResumeProcess: An attempt was made to access an exiting process. (0xc000010a)
[0128/042459.159:ERROR:process_reader_win.cc(123)] NtOpenThread: {Access Denied} A process has requested access to an object, but has not been granted those access rights. (0xc0000022)
[0128/042459.159:ERROR:exception_snapshot_win.cc(99)] thread ID 12576 not found in process
